<?xml version="1.0" encoding="UTF-8"?>
<testng-results ignored="0" total="2" passed="2" failed="0" skipped="0">
  <reporter-output>
  </reporter-output>
  <suite started-at="2021-06-04T09:26:41 IST" name="Default suite" finished-at="2021-06-04T09:27:01 IST" duration-ms="19739">
    <groups>
    </groups>
    <test started-at="2021-06-04T09:26:41 IST" name="Default test" finished-at="2021-06-04T09:27:01 IST" duration-ms="19739">
      <class name="programs.testng">
        <test-method is-config="true" signature="launch()[pri:0, instance:programs.testng@37918c79]" started-at="2021-06-04T09:26:41 IST" name="launch" finished-at="2021-06-04T09:26:43 IST" duration-ms="2051" status="PASS">
          <reporter-output>
          </reporter-output>
        </test-method> <!-- launch -->
        <test-method is-config="true" signature="tc1()[pri:0, instance:programs.testng@37918c79]" started-at="2021-06-04T09:26:43 IST" name="tc1" finished-at="2021-06-04T09:26:51 IST" duration-ms="8292" status="PASS">
          <reporter-output>
          </reporter-output>
        </test-method> <!-- tc1 -->
        <test-method signature="dropdown()[pri:0, instance:programs.testng@37918c79]" started-at="2021-06-04T09:26:51 IST" name="dropdown" finished-at="2021-06-04T09:26:57 IST" duration-ms="5153" status="PASS">
          <reporter-output>
          </reporter-output>
        </test-method> <!-- dropdown -->
        <test-method is-config="true" signature="tc1()[pri:0, instance:programs.testng@37918c79]" started-at="2021-06-04T09:26:57 IST" name="tc1" finished-at="2021-06-04T09:26:59 IST" duration-ms="2271" status="PASS">
          <reporter-output>
          </reporter-output>
        </test-method> <!-- tc1 -->
        <test-method signature="tc1()[pri:0, instance:programs.testng@37918c79]" started-at="2021-06-04T09:26:59 IST" name="tc1" finished-at="2021-06-04T09:27:00 IST" duration-ms="1692" status="PASS">
          <reporter-output>
          </reporter-output>
        </test-method> <!-- tc1 -->
        <test-method is-config="true" signature="close()[pri:0, instance:programs.testng@37918c79]" started-at="2021-06-04T09:27:00 IST" name="close" finished-at="2021-06-04T09:27:01 IST" duration-ms="213" status="PASS">
          <reporter-output>
          </reporter-output>
        </test-method> <!-- close -->
      </class> <!-- programs.testng -->
    </test> <!-- Default test -->
  </suite> <!-- Default suite -->
</testng-results>
